<?xml version="1.0" encoding="UTF-8"?>
<testsuite xmlns:xsi="http://www.w3.org/2001/XMLSchema-instance" xsi:noNamespaceSchemaLocation="https://maven.apache.org/surefire/maven-surefire-plugin/xsd/surefire-test-report.xsd" name="test.api.TestRunner" time="5.77" tests="1" errors="0" skipped="0" failures="1">
  <properties>
    <property name="sun.desktop" value="windows"/>
    <property name="awt.toolkit" value="sun.awt.windows.WToolkit"/>
    <property name="java.specification.version" value="11"/>
    <property name="sun.cpu.isalist" value="amd64"/>
    <property name="sun.jnu.encoding" value="Cp1252"/>
    <property name="java.class.path" value="C:\Users\sahel\eclipse-workspace\tek.api.framework.transformers\target\test-classes;C:\Users\sahel\eclipse-workspace\tek.api.framework.transformers\target\classes;C:\Users\sahel\.m2\repository\com\intuit\karate\karate-junit5\1.3.1\karate-junit5-1.3.1.jar;C:\Users\sahel\.m2\repository\com\intuit\karate\karate-core\1.3.1\karate-core-1.3.1.jar;C:\Users\sahel\.m2\repository\org\graalvm\js\js-scriptengine\22.0.0.2\js-scriptengine-22.0.0.2.jar;C:\Users\sahel\.m2\repository\org\graalvm\sdk\graal-sdk\22.0.0.2\graal-sdk-22.0.0.2.jar;C:\Users\sahel\.m2\repository\org\graalvm\js\js\22.0.0.2\js-22.0.0.2.jar;C:\Users\sahel\.m2\repository\org\graalvm\regex\regex\22.0.0.2\regex-22.0.0.2.jar;C:\Users\sahel\.m2\repository\org\graalvm\truffle\truffle-api\22.0.0.2\truffle-api-22.0.0.2.jar;C:\Users\sahel\.m2\repository\org\thymeleaf\thymeleaf\3.0.14.RELEASE\thymeleaf-3.0.14.RELEASE.jar;C:\Users\sahel\.m2\repository\ognl\ognl\3.1.26\ognl-3.1.26.jar;C:\Users\sahel\.m2\repository\org\javassist\javassist\3.20.0-GA\javassist-3.20.0-GA.jar;C:\Users\sahel\.m2\repository\org\attoparser\attoparser\2.0.5.RELEASE\attoparser-2.0.5.RELEASE.jar;C:\Users\sahel\.m2\repository\org\unbescape\unbescape\1.1.6.RELEASE\unbescape-1.1.6.RELEASE.jar;C:\Users\sahel\.m2\repository\org\slf4j\slf4j-api\1.7.25\slf4j-api-1.7.25.jar;C:\Users\sahel\.m2\repository\com\linecorp\armeria\armeria\1.18.0\armeria-1.18.0.jar;C:\Users\sahel\.m2\repository\com\fasterxml\jackson\core\jackson-core\2.13.3\jackson-core-2.13.3.jar;C:\Users\sahel\.m2\repository\com\fasterxml\jackson\core\jackson-annotations\2.13.3\jackson-annotations-2.13.3.jar;C:\Users\sahel\.m2\repository\com\fasterxml\jackson\core\jackson-databind\2.13.3\jackson-databind-2.13.3.jar;C:\Users\sahel\.m2\repository\io\micrometer\micrometer-core\1.9.2\micrometer-core-1.9.2.jar;C:\Users\sahel\.m2\repository\org\hdrhistogram\HdrHistogram\2.1.12\HdrHistogram-2.1.12.jar;C:\Users\sahel\.m2\repository\org\latencyutils\LatencyUtils\2.0.3\LatencyUtils-2.0.3.jar;C:\Users\sahel\.m2\repository\io\netty\netty-transport\4.1.79.Final\netty-transport-4.1.79.Final.jar;C:\Users\sahel\.m2\repository\io\netty\netty-common\4.1.79.Final\netty-common-4.1.79.Final.jar;C:\Users\sahel\.m2\repository\io\netty\netty-buffer\4.1.79.Final\netty-buffer-4.1.79.Final.jar;C:\Users\sahel\.m2\repository\io\netty\netty-resolver\4.1.79.Final\netty-resolver-4.1.79.Final.jar;C:\Users\sahel\.m2\repository\io\netty\netty-codec-haproxy\4.1.79.Final\netty-codec-haproxy-4.1.79.Final.jar;C:\Users\sahel\.m2\repository\io\netty\netty-codec\4.1.79.Final\netty-codec-4.1.79.Final.jar;C:\Users\sahel\.m2\repository\io\netty\netty-codec-http2\4.1.79.Final\netty-codec-http2-4.1.79.Final.jar;C:\Users\sahel\.m2\repository\io\netty\netty-handler\4.1.79.Final\netty-handler-4.1.79.Final.jar;C:\Users\sahel\.m2\repository\io\netty\netty-codec-http\4.1.79.Final\netty-codec-http-4.1.79.Final.jar;C:\Users\sahel\.m2\repository\io\netty\netty-resolver-dns\4.1.79.Final\netty-resolver-dns-4.1.79.Final.jar;C:\Users\sahel\.m2\repository\io\netty\netty-codec-dns\4.1.79.Final\netty-codec-dns-4.1.79.Final.jar;C:\Users\sahel\.m2\repository\org\reactivestreams\reactive-streams\1.0.4\reactive-streams-1.0.4.jar;C:\Users\sahel\.m2\repository\com\google\code\findbugs\jsr305\3.0.2\jsr305-3.0.2.jar;C:\Users\sahel\.m2\repository\io\netty\netty-transport-native-unix-common\4.1.79.Final\netty-transport-native-unix-common-4.1.79.Final-linux-x86_64.jar;C:\Users\sahel\.m2\repository\io\netty\netty-transport-native-epoll\4.1.79.Final\netty-transport-native-epoll-4.1.79.Final-linux-x86_64.jar;C:\Users\sahel\.m2\repository\io\netty\netty-transport-native-unix-common\4.1.79.Final\netty-transport-native-unix-common-4.1.79.Final.jar;C:\Users\sahel\.m2\repository\io\netty\netty-transport-classes-epoll\4.1.79.Final\netty-transport-classes-epoll-4.1.79.Final.jar;C:\Users\sahel\.m2\repository\io\netty\netty-resolver-dns-native-macos\4.1.79.Final\netty-resolver-dns-native-macos-4.1.79.Final-osx-x86_64.jar;C:\Users\sahel\.m2\repository\io\netty\netty-resolver-dns-classes-macos\4.1.79.Final\netty-resolver-dns-classes-macos-4.1.79.Final.jar;C:\Users\sahel\.m2\repository\io\netty\netty-resolver-dns-native-macos\4.1.79.Final\netty-resolver-dns-native-macos-4.1.79.Final-osx-aarch_64.jar;C:\Users\sahel\.m2\repository\io\netty\netty-tcnative-boringssl-static\2.0.53.Final\netty-tcnative-boringssl-static-2.0.53.Final-linux-x86_64.jar;C:\Users\sahel\.m2\repository\io\netty\netty-tcnative-classes\2.0.53.Final\netty-tcnative-classes-2.0.53.Final.jar;C:\Users\sahel\.m2\repository\io\netty\netty-tcnative-boringssl-static\2.0.53.Final\netty-tcnative-boringssl-static-2.0.53.Final-linux-aarch_64.jar;C:\Users\sahel\.m2\repository\io\netty\netty-tcnative-boringssl-static\2.0.53.Final\netty-tcnative-boringssl-static-2.0.53.Final-osx-x86_64.jar;C:\Users\sahel\.m2\repository\io\netty\netty-tcnative-boringssl-static\2.0.53.Final\netty-tcnative-boringssl-static-2.0.53.Final-osx-aarch_64.jar;C:\Users\sahel\.m2\repository\io\netty\netty-tcnative-boringssl-static\2.0.53.Final\netty-tcnative-boringssl-static-2.0.53.Final-windows-x86_64.jar;C:\Users\sahel\.m2\repository\io\netty\netty-handler-proxy\4.1.79.Final\netty-handler-proxy-4.1.79.Final.jar;C:\Users\sahel\.m2\repository\io\netty\netty-codec-socks\4.1.79.Final\netty-codec-socks-4.1.79.Final.jar;C:\Users\sahel\.m2\repository\com\aayushatharva\brotli4j\brotli4j\1.7.1\brotli4j-1.7.1.jar;C:\Users\sahel\.m2\repository\com\aayushatharva\brotli4j\native-windows-x86_64\1.7.1\native-windows-x86_64-1.7.1.jar;C:\Users\sahel\.m2\repository\org\apache\httpcomponents\httpclient\4.5.13\httpclient-4.5.13.jar;C:\Users\sahel\.m2\repository\org\apache\httpcomponents\httpcore\4.4.13\httpcore-4.4.13.jar;C:\Users\sahel\.m2\repository\commons-codec\commons-codec\1.11\commons-codec-1.11.jar;C:\Users\sahel\.m2\repository\ch\qos\logback\logback-classic\1.2.9\logback-classic-1.2.9.jar;C:\Users\sahel\.m2\repository\ch\qos\logback\logback-core\1.2.9\logback-core-1.2.9.jar;C:\Users\sahel\.m2\repository\org\slf4j\jcl-over-slf4j\1.7.32\jcl-over-slf4j-1.7.32.jar;C:\Users\sahel\.m2\repository\org\antlr\antlr4-runtime\4.9.3\antlr4-runtime-4.9.3.jar;C:\Users\sahel\.m2\repository\com\jayway\jsonpath\json-path\2.7.0\json-path-2.7.0.jar;C:\Users\sahel\.m2\repository\net\minidev\json-smart\2.4.7\json-smart-2.4.7.jar;C:\Users\sahel\.m2\repository\net\minidev\accessors-smart\2.4.7\accessors-smart-2.4.7.jar;C:\Users\sahel\.m2\repository\org\ow2\asm\asm\9.1\asm-9.1.jar;C:\Users\sahel\.m2\repository\info\cukes\cucumber-java\1.2.5\cucumber-java-1.2.5.jar;C:\Users\sahel\.m2\repository\info\cukes\cucumber-core\1.2.5\cucumber-core-1.2.5.jar;C:\Users\sahel\.m2\repository\de\siegmar\fastcsv\2.0.0\fastcsv-2.0.0.jar;C:\Users\sahel\.m2\repository\info\picocli\picocli\4.6.1\picocli-4.6.1.jar;C:\Users\sahel\.m2\repository\io\github\classgraph\classgraph\4.8.149\classgraph-4.8.149.jar;C:\Users\sahel\.m2\repository\io\github\t12y\resemble\1.0.2\resemble-1.0.2.jar;C:\Users\sahel\.m2\repository\io\github\t12y\ssim\1.0.0\ssim-1.0.0.jar;C:\Users\sahel\.m2\repository\org\junit\jupiter\junit-jupiter-api\5.7.2\junit-jupiter-api-5.7.2.jar;C:\Users\sahel\.m2\repository\org\apiguardian\apiguardian-api\1.1.0\apiguardian-api-1.1.0.jar;C:\Users\sahel\.m2\repository\org\opentest4j\opentest4j\1.2.0\opentest4j-1.2.0.jar;C:\Users\sahel\.m2\repository\org\junit\platform\junit-platform-commons\1.7.2\junit-platform-commons-1.7.2.jar;C:\Users\sahel\.m2\repository\org\junit\jupiter\junit-jupiter-engine\5.7.2\junit-jupiter-engine-5.7.2.jar;C:\Users\sahel\.m2\repository\org\junit\platform\junit-platform-engine\1.7.2\junit-platform-engine-1.7.2.jar;C:\Users\sahel\.m2\repository\mysql\mysql-connector-java\8.0.30\mysql-connector-java-8.0.30.jar;C:\Users\sahel\.m2\repository\com\google\protobuf\protobuf-java\3.19.4\protobuf-java-3.19.4.jar;C:\Users\sahel\.m2\repository\net\datafaker\datafaker\1.8.0\datafaker-1.8.0.jar;C:\Users\sahel\.m2\repository\org\yaml\snakeyaml\1.33\snakeyaml-1.33.jar;C:\Users\sahel\.m2\repository\com\github\mifmif\generex\1.0.2\generex-1.0.2.jar;C:\Users\sahel\.m2\repository\dk\brics\automaton\automaton\1.11-8\automaton-1.11-8.jar;"/>
    <property name="java.vm.vendor" value="Oracle Corporation"/>
    <property name="sun.arch.data.model" value="64"/>
    <property name="user.variant" value=""/>
    <property name="java.vendor.url" value="https://openjdk.java.net/"/>
    <property name="user.timezone" value="America/Los_Angeles"/>
    <property name="java.vm.specification.version" value="11"/>
    <property name="os.name" value="Windows 11"/>
    <property name="sun.java.launcher" value="SUN_STANDARD"/>
    <property name="user.country" value="US"/>
    <property name="sun.boot.library.path" value="C:\Program Files\Java\jdk-11.0.17\bin"/>
    <property name="sun.java.command" value="C:\Users\sahel\AppData\Local\Temp\surefire1575925668873967121\surefirebooter11578030129641978424.jar C:\Users\sahel\AppData\Local\Temp\surefire1575925668873967121 2023-05-25T21-33-24_865-jvmRun1 surefire10156184272405506955tmp surefire_08825513929210282781tmp"/>
    <property name="jdk.debug" value="release"/>
    <property name="surefire.test.class.path" value="C:\Users\sahel\eclipse-workspace\tek.api.framework.transformers\target\test-classes;C:\Users\sahel\eclipse-workspace\tek.api.framework.transformers\target\classes;C:\Users\sahel\.m2\repository\com\intuit\karate\karate-junit5\1.3.1\karate-junit5-1.3.1.jar;C:\Users\sahel\.m2\repository\com\intuit\karate\karate-core\1.3.1\karate-core-1.3.1.jar;C:\Users\sahel\.m2\repository\org\graalvm\js\js-scriptengine\22.0.0.2\js-scriptengine-22.0.0.2.jar;C:\Users\sahel\.m2\repository\org\graalvm\sdk\graal-sdk\22.0.0.2\graal-sdk-22.0.0.2.jar;C:\Users\sahel\.m2\repository\org\graalvm\js\js\22.0.0.2\js-22.0.0.2.jar;C:\Users\sahel\.m2\repository\org\graalvm\regex\regex\22.0.0.2\regex-22.0.0.2.jar;C:\Users\sahel\.m2\repository\org\graalvm\truffle\truffle-api\22.0.0.2\truffle-api-22.0.0.2.jar;C:\Users\sahel\.m2\repository\org\thymeleaf\thymeleaf\3.0.14.RELEASE\thymeleaf-3.0.14.RELEASE.jar;C:\Users\sahel\.m2\repository\ognl\ognl\3.1.26\ognl-3.1.26.jar;C:\Users\sahel\.m2\repository\org\javassist\javassist\3.20.0-GA\javassist-3.20.0-GA.jar;C:\Users\sahel\.m2\repository\org\attoparser\attoparser\2.0.5.RELEASE\attoparser-2.0.5.RELEASE.jar;C:\Users\sahel\.m2\repository\org\unbescape\unbescape\1.1.6.RELEASE\unbescape-1.1.6.RELEASE.jar;C:\Users\sahel\.m2\repository\org\slf4j\slf4j-api\1.7.25\slf4j-api-1.7.25.jar;C:\Users\sahel\.m2\repository\com\linecorp\armeria\armeria\1.18.0\armeria-1.18.0.jar;C:\Users\sahel\.m2\repository\com\fasterxml\jackson\core\jackson-core\2.13.3\jackson-core-2.13.3.jar;C:\Users\sahel\.m2\repository\com\fasterxml\jackson\core\jackson-annotations\2.13.3\jackson-annotations-2.13.3.jar;C:\Users\sahel\.m2\repository\com\fasterxml\jackson\core\jackson-databind\2.13.3\jackson-databind-2.13.3.jar;C:\Users\sahel\.m2\repository\io\micrometer\micrometer-core\1.9.2\micrometer-core-1.9.2.jar;C:\Users\sahel\.m2\repository\org\hdrhistogram\HdrHistogram\2.1.12\HdrHistogram-2.1.12.jar;C:\Users\sahel\.m2\repository\org\latencyutils\LatencyUtils\2.0.3\LatencyUtils-2.0.3.jar;C:\Users\sahel\.m2\repository\io\netty\netty-transport\4.1.79.Final\netty-transport-4.1.79.Final.jar;C:\Users\sahel\.m2\repository\io\netty\netty-common\4.1.79.Final\netty-common-4.1.79.Final.jar;C:\Users\sahel\.m2\repository\io\netty\netty-buffer\4.1.79.Final\netty-buffer-4.1.79.Final.jar;C:\Users\sahel\.m2\repository\io\netty\netty-resolver\4.1.79.Final\netty-resolver-4.1.79.Final.jar;C:\Users\sahel\.m2\repository\io\netty\netty-codec-haproxy\4.1.79.Final\netty-codec-haproxy-4.1.79.Final.jar;C:\Users\sahel\.m2\repository\io\netty\netty-codec\4.1.79.Final\netty-codec-4.1.79.Final.jar;C:\Users\sahel\.m2\repository\io\netty\netty-codec-http2\4.1.79.Final\netty-codec-http2-4.1.79.Final.jar;C:\Users\sahel\.m2\repository\io\netty\netty-handler\4.1.79.Final\netty-handler-4.1.79.Final.jar;C:\Users\sahel\.m2\repository\io\netty\netty-codec-http\4.1.79.Final\netty-codec-http-4.1.79.Final.jar;C:\Users\sahel\.m2\repository\io\netty\netty-resolver-dns\4.1.79.Final\netty-resolver-dns-4.1.79.Final.jar;C:\Users\sahel\.m2\repository\io\netty\netty-codec-dns\4.1.79.Final\netty-codec-dns-4.1.79.Final.jar;C:\Users\sahel\.m2\repository\org\reactivestreams\reactive-streams\1.0.4\reactive-streams-1.0.4.jar;C:\Users\sahel\.m2\repository\com\google\code\findbugs\jsr305\3.0.2\jsr305-3.0.2.jar;C:\Users\sahel\.m2\repository\io\netty\netty-transport-native-unix-common\4.1.79.Final\netty-transport-native-unix-common-4.1.79.Final-linux-x86_64.jar;C:\Users\sahel\.m2\repository\io\netty\netty-transport-native-epoll\4.1.79.Final\netty-transport-native-epoll-4.1.79.Final-linux-x86_64.jar;C:\Users\sahel\.m2\repository\io\netty\netty-transport-native-unix-common\4.1.79.Final\netty-transport-native-unix-common-4.1.79.Final.jar;C:\Users\sahel\.m2\repository\io\netty\netty-transport-classes-epoll\4.1.79.Final\netty-transport-classes-epoll-4.1.79.Final.jar;C:\Users\sahel\.m2\repository\io\netty\netty-resolver-dns-native-macos\4.1.79.Final\netty-resolver-dns-native-macos-4.1.79.Final-osx-x86_64.jar;C:\Users\sahel\.m2\repository\io\netty\netty-resolver-dns-classes-macos\4.1.79.Final\netty-resolver-dns-classes-macos-4.1.79.Final.jar;C:\Users\sahel\.m2\repository\io\netty\netty-resolver-dns-native-macos\4.1.79.Final\netty-resolver-dns-native-macos-4.1.79.Final-osx-aarch_64.jar;C:\Users\sahel\.m2\repository\io\netty\netty-tcnative-boringssl-static\2.0.53.Final\netty-tcnative-boringssl-static-2.0.53.Final-linux-x86_64.jar;C:\Users\sahel\.m2\repository\io\netty\netty-tcnative-classes\2.0.53.Final\netty-tcnative-classes-2.0.53.Final.jar;C:\Users\sahel\.m2\repository\io\netty\netty-tcnative-boringssl-static\2.0.53.Final\netty-tcnative-boringssl-static-2.0.53.Final-linux-aarch_64.jar;C:\Users\sahel\.m2\repository\io\netty\netty-tcnative-boringssl-static\2.0.53.Final\netty-tcnative-boringssl-static-2.0.53.Final-osx-x86_64.jar;C:\Users\sahel\.m2\repository\io\netty\netty-tcnative-boringssl-static\2.0.53.Final\netty-tcnative-boringssl-static-2.0.53.Final-osx-aarch_64.jar;C:\Users\sahel\.m2\repository\io\netty\netty-tcnative-boringssl-static\2.0.53.Final\netty-tcnative-boringssl-static-2.0.53.Final-windows-x86_64.jar;C:\Users\sahel\.m2\repository\io\netty\netty-handler-proxy\4.1.79.Final\netty-handler-proxy-4.1.79.Final.jar;C:\Users\sahel\.m2\repository\io\netty\netty-codec-socks\4.1.79.Final\netty-codec-socks-4.1.79.Final.jar;C:\Users\sahel\.m2\repository\com\aayushatharva\brotli4j\brotli4j\1.7.1\brotli4j-1.7.1.jar;C:\Users\sahel\.m2\repository\com\aayushatharva\brotli4j\native-windows-x86_64\1.7.1\native-windows-x86_64-1.7.1.jar;C:\Users\sahel\.m2\repository\org\apache\httpcomponents\httpclient\4.5.13\httpclient-4.5.13.jar;C:\Users\sahel\.m2\repository\org\apache\httpcomponents\httpcore\4.4.13\httpcore-4.4.13.jar;C:\Users\sahel\.m2\repository\commons-codec\commons-codec\1.11\commons-codec-1.11.jar;C:\Users\sahel\.m2\repository\ch\qos\logback\logback-classic\1.2.9\logback-classic-1.2.9.jar;C:\Users\sahel\.m2\repository\ch\qos\logback\logback-core\1.2.9\logback-core-1.2.9.jar;C:\Users\sahel\.m2\repository\org\slf4j\jcl-over-slf4j\1.7.32\jcl-over-slf4j-1.7.32.jar;C:\Users\sahel\.m2\repository\org\antlr\antlr4-runtime\4.9.3\antlr4-runtime-4.9.3.jar;C:\Users\sahel\.m2\repository\com\jayway\jsonpath\json-path\2.7.0\json-path-2.7.0.jar;C:\Users\sahel\.m2\repository\net\minidev\json-smart\2.4.7\json-smart-2.4.7.jar;C:\Users\sahel\.m2\repository\net\minidev\accessors-smart\2.4.7\accessors-smart-2.4.7.jar;C:\Users\sahel\.m2\repository\org\ow2\asm\asm\9.1\asm-9.1.jar;C:\Users\sahel\.m2\repository\info\cukes\cucumber-java\1.2.5\cucumber-java-1.2.5.jar;C:\Users\sahel\.m2\repository\info\cukes\cucumber-core\1.2.5\cucumber-core-1.2.5.jar;C:\Users\sahel\.m2\repository\de\siegmar\fastcsv\2.0.0\fastcsv-2.0.0.jar;C:\Users\sahel\.m2\repository\info\picocli\picocli\4.6.1\picocli-4.6.1.jar;C:\Users\sahel\.m2\repository\io\github\classgraph\classgraph\4.8.149\classgraph-4.8.149.jar;C:\Users\sahel\.m2\repository\io\github\t12y\resemble\1.0.2\resemble-1.0.2.jar;C:\Users\sahel\.m2\repository\io\github\t12y\ssim\1.0.0\ssim-1.0.0.jar;C:\Users\sahel\.m2\repository\org\junit\jupiter\junit-jupiter-api\5.7.2\junit-jupiter-api-5.7.2.jar;C:\Users\sahel\.m2\repository\org\apiguardian\apiguardian-api\1.1.0\apiguardian-api-1.1.0.jar;C:\Users\sahel\.m2\repository\org\opentest4j\opentest4j\1.2.0\opentest4j-1.2.0.jar;C:\Users\sahel\.m2\repository\org\junit\platform\junit-platform-commons\1.7.2\junit-platform-commons-1.7.2.jar;C:\Users\sahel\.m2\repository\org\junit\jupiter\junit-jupiter-engine\5.7.2\junit-jupiter-engine-5.7.2.jar;C:\Users\sahel\.m2\repository\org\junit\platform\junit-platform-engine\1.7.2\junit-platform-engine-1.7.2.jar;C:\Users\sahel\.m2\repository\mysql\mysql-connector-java\8.0.30\mysql-connector-java-8.0.30.jar;C:\Users\sahel\.m2\repository\com\google\protobuf\protobuf-java\3.19.4\protobuf-java-3.19.4.jar;C:\Users\sahel\.m2\repository\net\datafaker\datafaker\1.8.0\datafaker-1.8.0.jar;C:\Users\sahel\.m2\repository\org\yaml\snakeyaml\1.33\snakeyaml-1.33.jar;C:\Users\sahel\.m2\repository\com\github\mifmif\generex\1.0.2\generex-1.0.2.jar;C:\Users\sahel\.m2\repository\dk\brics\automaton\automaton\1.11-8\automaton-1.11-8.jar;"/>
    <property name="sun.cpu.endian" value="little"/>
    <property name="user.home" value="C:\Users\sahel"/>
    <property name="user.language" value="en"/>
    <property name="java.specification.vendor" value="Oracle Corporation"/>
    <property name="java.version.date" value="2022-10-18"/>
    <property name="java.home" value="C:\Program Files\Java\jdk-11.0.17"/>
    <property name="file.separator" value="\"/>
    <property name="style.color" value="always"/>
    <property name="basedir" value="C:\Users\sahel\eclipse-workspace\tek.api.framework.transformers"/>
    <property name="java.vm.compressedOopsMode" value="Zero based"/>
    <property name="line.separator" value="&#10;"/>
    <property name="java.specification.name" value="Java Platform API Specification"/>
    <property name="java.vm.specification.vendor" value="Oracle Corporation"/>
    <property name="java.awt.graphicsenv" value="sun.awt.Win32GraphicsEnvironment"/>
    <property name="surefire.real.class.path" value="C:\Users\sahel\AppData\Local\Temp\surefire1575925668873967121\surefirebooter11578030129641978424.jar"/>
    <property name="user.script" value=""/>
    <property name="sun.management.compiler" value="HotSpot 64-Bit Tiered Compilers"/>
    <property name="java.runtime.version" value="11.0.17+10-LTS-269"/>
    <property name="user.name" value="sahel"/>
    <property name="path.separator" value=";"/>
    <property name="os.version" value="10.0"/>
    <property name="java.runtime.name" value="Java(TM) SE Runtime Environment"/>
    <property name="file.encoding" value="UTF-8"/>
    <property name="java.vm.name" value="Java HotSpot(TM) 64-Bit Server VM"/>
    <property name="java.vendor.version" value="18.9"/>
    <property name="localRepository" value="C:\Users\sahel\.m2\repository"/>
    <property name="java.vendor.url.bug" value="https://bugreport.java.com/bugreport/"/>
    <property name="java.io.tmpdir" value="C:\Users\sahel\AppData\Local\Temp\"/>
    <property name="java.version" value="11.0.17"/>
    <property name="user.dir" value="C:\Users\sahel\eclipse-workspace\tek.api.framework.transformers"/>
    <property name="os.arch" value="amd64"/>
    <property name="java.vm.specification.name" value="Java Virtual Machine Specification"/>
    <property name="java.awt.printerjob" value="sun.awt.windows.WPrinterJob"/>
    <property name="sun.os.patch.level" value=""/>
    <property name="java.library.path" value="C:\Program Files\Java\jdk-11.0.17\bin;C:\WINDOWS\Sun\Java\bin;C:\WINDOWS\system32;C:\WINDOWS;C:/Program Files/Java/jdk-18/bin/server;C:/Program Files/Java/jdk-18/bin;C:\Program Files\Common Files\Oracle\Java\javapath;C:\WINDOWS\system32;C:\WINDOWS;C:\WINDOWS\System32\Wbem;C:\WINDOWS\System32\WindowsPowerShell\v1.0\;C:\WINDOWS\System32\OpenSSH\;C:\Program Files\Java\jdk-18\bin;C:\Program Files\dotnet\;C:\Program Files\Git\cmd;C:\Users\sahel\AppData\Local\Microsoft\WindowsApps;C:\Users\sahel\AppData\Local\GitHubDesktop\bin;;C:\WINDOWS\system32;;."/>
    <property name="java.vendor" value="Oracle Corporation"/>
    <property name="java.vm.info" value="mixed mode"/>
    <property name="java.vm.version" value="11.0.17+10-LTS-269"/>
    <property name="sun.io.unicode.encoding" value="UnicodeLittle"/>
    <property name="java.class.version" value="55.0"/>
  </properties>
  <testcase name="runTest[1][1]" classname="test.api.TestRunner" time="3.055">
    <failure message="status code was: 404, expected: 200, response time in milliseconds: 257, url: https://tek-insurance-api.azurewebsites.net/api/accounts/get-primary-account?primaryPersonId=8706, response: &#10;{&quot;timestamp&quot;:1685075612671,&quot;status&quot;:404,&quot;error&quot;:&quot;Not Found&quot;,&quot;path&quot;:&quot;/api/accounts/get-primary-account&quot;}&#10;classpath:features/GetAccount.feature:15" type="org.opentest4j.AssertionFailedError">org.opentest4j.AssertionFailedError: 
status code was: 404, expected: 200, response time in milliseconds: 257, url: https://tek-insurance-api.azurewebsites.net/api/accounts/get-primary-account?primaryPersonId=8706, response: 
{"timestamp":1685075612671,"status":404,"error":"Not Found","path":"/api/accounts/get-primary-account"}
classpath:features/GetAccount.feature:15
</failure>
    <system-out><![CDATA[21:33:27.652 [main] DEBUG com.intuit.karate.Suite - [config] classpath:karate-config.js
21:33:29.947 [main] INFO  com.intuit.karate - karate.env system property was: null 
21:33:30.203 [main] DEBUG com.intuit.karate - request:
1 > POST https://tek-insurance-api.azurewebsites.net/api/token
1 > Content-Type: application/json; charset=UTF-8
1 > Content-Length: 53
1 > Host: tek-insurance-api.azurewebsites.net
1 > Connection: Keep-Alive
1 > User-Agent: Apache-HttpClient/4.5.13 (Java/11.0.17)
1 > Accept-Encoding: gzip,deflate
{"username":"supervisor","password":"tek_supervisor"}

21:33:30.909 [main] DEBUG com.intuit.karate - response time in milliseconds: 706
1 < 200
1 < Content-Type: application/json
1 < Date: Fri, 26 May 2023 04:33:31 GMT
1 < Cache-Control: no-cache, no-store, max-age=0, must-revalidate
1 < Expires: 0
1 < Pragma: no-cache
1 < Transfer-Encoding: chunked
1 < Vary: Origin
1 < Vary: Access-Control-Request-Method
1 < Vary: Access-Control-Request-Headers
1 < X-Content-Type-Options: nosniff
1 < X-XSS-Protection: 1; mode=block
1 < Strict-Transport-Security: max-age=31536000 ; includeSubDomains
1 < X-Frame-Options: DENY
{"fullName":"Supervisor","username":"SUPERVISOR","token":"eyJraWQiOiJUZWtzY2hvb2wgSW5zdXJhbmNlIEFwcGxpY2F0aW9uIiwidHlwIjoiSldUIiwiYWxnIjoiSFM1MTIifQ.eyJhdWQiOiJVc2VyIG1hbmFnZW1lbnQgcG9ydGFsIiwic3ViIjoiU1VQRVJWSVNPUiIsImlzcyI6IlRlayBJbnN1cmFuY2UgQXBwbGljYXRpb24iLCJBdXRob3JpdGllcyI6WyJBRE1JTiJdLCJleHAiOjE2ODUxNjIwMTEsImlhdCI6MTY4NTA3NTYxMX0.F6Uefx6bdJmM0C2AXb1V1YG1lP0PAlckr97oOijmMoE3EiZ7tixuwPQ6mW7wegesVnAyUtCjdjRoVBAQFEAQgg","generateDate":1685075611134,"accountType":"CSR"}

21:33:30.909 [main] INFO  com.intuit.karate - [print] eyJraWQiOiJUZWtzY2hvb2wgSW5zdXJhbmNlIEFwcGxpY2F0aW9uIiwidHlwIjoiSldUIiwiYWxnIjoiSFM1MTIifQ.eyJhdWQiOiJVc2VyIG1hbmFnZW1lbnQgcG9ydGFsIiwic3ViIjoiU1VQRVJWSVNPUiIsImlzcyI6IlRlayBJbnN1cmFuY2UgQXBwbGljYXRpb24iLCJBdXRob3JpdGllcyI6WyJBRE1JTiJdLCJleHAiOjE2ODUxNjIwMTEsImlhdCI6MTY4NTA3NTYxMX0.F6Uefx6bdJmM0C2AXb1V1YG1lP0PAlckr97oOijmMoE3EiZ7tixuwPQ6mW7wegesVnAyUtCjdjRoVBAQFEAQgg 
21:33:30.919 [main] INFO  com.intuit.karate - [print] Supervisor 
21:33:30.960 [main] DEBUG com.intuit.karate - request:
1 > POST https://tek-insurance-api.azurewebsites.net/api/token
1 > Content-Type: application/json; charset=UTF-8
1 > Content-Length: 53
1 > Host: tek-insurance-api.azurewebsites.net
1 > Connection: Keep-Alive
1 > User-Agent: Apache-HttpClient/4.5.13 (Java/11.0.17)
1 > Accept-Encoding: gzip,deflate
{"username":"supervisor","password":"tek_supervisor"}

21:33:31.434 [main] DEBUG com.intuit.karate - response time in milliseconds: 474
1 < 200
1 < Content-Type: application/json
1 < Date: Fri, 26 May 2023 04:33:31 GMT
1 < Cache-Control: no-cache, no-store, max-age=0, must-revalidate
1 < Expires: 0
1 < Pragma: no-cache
1 < Transfer-Encoding: chunked
1 < Vary: Origin
1 < Vary: Access-Control-Request-Method
1 < Vary: Access-Control-Request-Headers
1 < X-Content-Type-Options: nosniff
1 < X-XSS-Protection: 1; mode=block
1 < Strict-Transport-Security: max-age=31536000 ; includeSubDomains
1 < X-Frame-Options: DENY
{"fullName":"Supervisor","username":"SUPERVISOR","token":"eyJraWQiOiJUZWtzY2hvb2wgSW5zdXJhbmNlIEFwcGxpY2F0aW9uIiwidHlwIjoiSldUIiwiYWxnIjoiSFM1MTIifQ.eyJhdWQiOiJVc2VyIG1hbmFnZW1lbnQgcG9ydGFsIiwic3ViIjoiU1VQRVJWSVNPUiIsImlzcyI6IlRlayBJbnN1cmFuY2UgQXBwbGljYXRpb24iLCJBdXRob3JpdGllcyI6WyJBRE1JTiJdLCJleHAiOjE2ODUxNjIwMTEsImlhdCI6MTY4NTA3NTYxMX0.F6Uefx6bdJmM0C2AXb1V1YG1lP0PAlckr97oOijmMoE3EiZ7tixuwPQ6mW7wegesVnAyUtCjdjRoVBAQFEAQgg","generateDate":1685075611662,"accountType":"CSR"}

21:33:31.436 [main] INFO  com.intuit.karate - [print] eyJraWQiOiJUZWtzY2hvb2wgSW5zdXJhbmNlIEFwcGxpY2F0aW9uIiwidHlwIjoiSldUIiwiYWxnIjoiSFM1MTIifQ.eyJhdWQiOiJVc2VyIG1hbmFnZW1lbnQgcG9ydGFsIiwic3ViIjoiU1VQRVJWSVNPUiIsImlzcyI6IlRlayBJbnN1cmFuY2UgQXBwbGljYXRpb24iLCJBdXRob3JpdGllcyI6WyJBRE1JTiJdLCJleHAiOjE2ODUxNjIwMTEsImlhdCI6MTY4NTA3NTYxMX0.F6Uefx6bdJmM0C2AXb1V1YG1lP0PAlckr97oOijmMoE3EiZ7tixuwPQ6mW7wegesVnAyUtCjdjRoVBAQFEAQgg 
21:33:31.436 [main] INFO  com.intuit.karate - [print] Supervisor 
21:33:31.727 [main] DEBUG com.intuit.karate - request:
1 > POST https://tek-insurance-api.azurewebsites.net/api/accounts/add-primary-account
1 > Authorization: Bearer eyJraWQiOiJUZWtzY2hvb2wgSW5zdXJhbmNlIEFwcGxpY2F0aW9uIiwidHlwIjoiSldUIiwiYWxnIjoiSFM1MTIifQ.eyJhdWQiOiJVc2VyIG1hbmFnZW1lbnQgcG9ydGFsIiwic3ViIjoiU1VQRVJWSVNPUiIsImlzcyI6IlRlayBJbnN1cmFuY2UgQXBwbGljYXRpb24iLCJBdXRob3JpdGllcyI6WyJBRE1JTiJdLCJleHAiOjE2ODUxNjIwMTEsImlhdCI6MTY4NTA3NTYxMX0.F6Uefx6bdJmM0C2AXb1V1YG1lP0PAlckr97oOijmMoE3EiZ7tixuwPQ6mW7wegesVnAyUtCjdjRoVBAQFEAQgg
1 > Content-Type: application/json; charset=UTF-8
1 > Content-Length: 205
1 > Host: tek-insurance-api.azurewebsites.net
1 > Connection: Keep-Alive
1 > User-Agent: Apache-HttpClient/4.5.13 (Java/11.0.17)
1 > Accept-Encoding: gzip,deflate
{"email":"CristineSchmidt@tekschool.us","firstName":"Herschel","lastName":"Zemlak","title":"MS.","gender":"FEMALE","maritalStatus":"SINGLE","employmentStatus":"Agent","dateOfBirth":"1976-05-20","new":true}

21:33:32.152 [main] DEBUG com.intuit.karate - response time in milliseconds: 425
1 < 201
1 < Content-Type: application/json
1 < Date: Fri, 26 May 2023 04:33:32 GMT
1 < Cache-Control: no-cache, no-store, max-age=0, must-revalidate
1 < Expires: 0
1 < Pragma: no-cache
1 < Set-Cookie: JSESSIONID=25E1BC79D04A4B8C831D86695E1B9481; Path=/; Secure; HttpOnly
1 < Transfer-Encoding: chunked
1 < Vary: Origin
1 < Vary: Access-Control-Request-Method
1 < Vary: Access-Control-Request-Headers
1 < X-Content-Type-Options: nosniff
1 < X-XSS-Protection: 1; mode=block
1 < Strict-Transport-Security: max-age=31536000 ; includeSubDomains
1 < X-Frame-Options: DENY
{"id":8706,"email":"CristineSchmidt@tekschool.us","title":"MS.","firstName":"Herschel","lastName":"Zemlak","gender":"FEMALE","maritalStatus":"SINGLE","employmentStatus":"Agent","dateOfBirth":201398400000,"user":null}

21:33:32.168 [main] INFO  com.intuit.karate - [print] {
  "id": 8706,
  "email": "CristineSchmidt@tekschool.us",
  "title": "MS.",
  "firstName": "Herschel",
  "lastName": "Zemlak",
  "gender": "FEMALE",
  "maritalStatus": "SINGLE",
  "employmentStatus": "Agent",
  "dateOfBirth": 201398400000,
  "user": null
}
 
21:33:32.185 [main] DEBUG com.intuit.karate - request:
1 > GET https://tek-insurance-api.azurewebsites.net/api/accounts/get-primary-account?primaryPersonId=8706
1 > Authorization: Bearer eyJraWQiOiJUZWtzY2hvb2wgSW5zdXJhbmNlIEFwcGxpY2F0aW9uIiwidHlwIjoiSldUIiwiYWxnIjoiSFM1MTIifQ.eyJhdWQiOiJVc2VyIG1hbmFnZW1lbnQgcG9ydGFsIiwic3ViIjoiU1VQRVJWSVNPUiIsImlzcyI6IlRlayBJbnN1cmFuY2UgQXBwbGljYXRpb24iLCJBdXRob3JpdGllcyI6WyJBRE1JTiJdLCJleHAiOjE2ODUxNjIwMTEsImlhdCI6MTY4NTA3NTYxMX0.F6Uefx6bdJmM0C2AXb1V1YG1lP0PAlckr97oOijmMoE3EiZ7tixuwPQ6mW7wegesVnAyUtCjdjRoVBAQFEAQgg
1 > Host: tek-insurance-api.azurewebsites.net
1 > Connection: Keep-Alive
1 > User-Agent: Apache-HttpClient/4.5.13 (Java/11.0.17)
1 > Accept-Encoding: gzip,deflate


21:33:32.442 [main] DEBUG com.intuit.karate - response time in milliseconds: 257
1 < 404
1 < Content-Type: application/json
1 < Date: Fri, 26 May 2023 04:33:32 GMT
1 < Cache-Control: no-cache, no-store, max-age=0, must-revalidate
1 < Expires: 0
1 < Pragma: no-cache
1 < Set-Cookie: JSESSIONID=DC82E569E29F7632F7C329F042857EFA; Path=/; Secure; HttpOnly
1 < Transfer-Encoding: chunked
1 < Vary: Origin
1 < Vary: Access-Control-Request-Method
1 < Vary: Access-Control-Request-Headers
1 < X-Content-Type-Options: nosniff
1 < X-XSS-Protection: 1; mode=block
1 < Strict-Transport-Security: max-age=31536000 ; includeSubDomains
1 < X-Frame-Options: DENY
{"timestamp":1685075612671,"status":404,"error":"Not Found","path":"/api/accounts/get-primary-account"}

21:33:32.445 [main] INFO  com.intuit.karate - [print] {
  "timestamp": 1685075612671,
  "status": 404,
  "error": "Not Found",
  "path": "/api/accounts/get-primary-account"
}
 
21:33:32.445 [main] ERROR com.intuit.karate - classpath:features/GetAccount.feature:15
* status 200
status code was: 404, expected: 200, response time in milliseconds: 257, url: https://tek-insurance-api.azurewebsites.net/api/accounts/get-primary-account?primaryPersonId=8706, response: 
{"timestamp":1685075612671,"status":404,"error":"Not Found","path":"/api/accounts/get-primary-account"}
classpath:features/GetAccount.feature:15
---------------------------------------------------------
feature: classpath:features/GetAccount.feature
scenarios:  1 | passed:  0 | failed:  1 | time: 2.4748
---------------------------------------------------------

]]></system-out>
  </testcase>
</testsuite>